00:00:00.002683 main     VirtualBox XPCOM Server 6.1.14_Debian r140239 linux.amd64 (Sep  8 2020 08:06:18) release log
00:00:00.002688 main     Log opened 2020-09-25T01:03:45.741317000Z
00:00:00.002689 main     Build Type: release
00:00:00.002700 main     OS Product: Linux
00:00:00.002702 main     OS Release: 5.7.0-kali3-amd64
00:00:00.002703 main     OS Version: #1 SMP Debian 5.7.17-1kali1 (2020-08-26)
00:00:00.002741 main     DMI Product Name: WRT-WX9
00:00:00.002752 main     DMI Product Version: M1010
00:00:00.002762 main     Firmware type: UEFI
00:00:00.004048 main     Secure Boot: Disabled
00:00:00.004168 main     Host RAM: 7775MB (7.5GB) total, 6452MB (6.3GB) available
00:00:00.004183 main     Executable: /usr/lib/virtualbox/VBoxSVC
00:00:00.004184 main     Process ID: 2905
00:00:00.004185 main     Package type: LINUX_64BITS_GENERIC (OSE)
00:00:00.007255 main     IPC socket path: /tmp/.vbox-rithik-ipc/ipcd
00:00:00.120155 nspr-2   VirtualBox: object creation starts
00:00:00.120911 nspr-2   Home directory: '/home/rithik/.config/VirtualBox'
00:00:00.121500 nspr-2   Loading settings file "/home/rithik/.config/VirtualBox/VirtualBox.xml" with version "1.12-linux"
00:00:00.131496 nspr-2   NetIfAdpCtlOut: VBoxNetAdpCtl: Error while retrieving link speed for wlan0: VBoxNetAdpCtl: ioctl failed: Operation not supported
00:00:00.132552 nspr-2   HostDnsMonitor: initializing
00:00:00.133057 nspr-2   NAT: resolv.conf: nameserver 192.168.43.9
00:00:00.133092 nspr-2   NAT: resolv.conf: nameserver 2401:4900:484a:f5e::20
00:00:00.133114 nspr-2   HostDnsMonitor: updating information
00:00:00.133157 nspr-2   HostDnsMonitor: old information
00:00:00.133163 nspr-2     no server entries
00:00:00.133169 nspr-2     no domain set
00:00:00.133173 nspr-2     no search string entries
00:00:00.133178 nspr-2   HostDnsMonitor: new information
00:00:00.133183 nspr-2     server 1: 192.168.43.9
00:00:00.133189 nspr-2     server 2: 2401:4900:484a:f5e::20
00:00:00.133194 nspr-2     no domain set
00:00:00.133199 nspr-2     no search string entries
00:00:00.139291 nspr-2   VD: VDInit finished with VINF_SUCCESS
00:00:00.139916 nspr-2   ERROR [COM]: aRC=NS_ERROR_FAILURE (0x80004005) aIID={027bc463-929c-40e8-bf16-fea557cd8e7e} aComponent={SystemPropertiesWrap} aText={Cannot determine default Guest Additions ISO location. Most likely they are not available}, preserve=false aResultDetail=0
00:00:00.149374 nspr-2   Loading settings file "/home/rithik/VirtualBox VMs/metasploitable/metasploitable.vbox" with version "1.16-linux"
00:00:00.150499 nspr-2   Loading settings file "/home/rithik/VirtualBox VMs/protostar/protostar.vbox" with version "1.16-linux"
00:00:00.151680 nspr-2   VirtualBox: object created
00:00:00.789519 nspr-3   WARNING [COM]: aRC=NS_ERROR_FAILURE (0x80004005) aIID={16ced992-5fdc-4aba-aff5-6a39bbd7c38b} aComponent={HostWrap} aText={VirtualBox is not currently allowed to access USB devices.  You can change this by adding your user to the 'vboxusers' group.  Please see the user manual for a more detailed explanation}, preserve=true  aResultDetail=0
00:00:00.939085 nspr-3   WARNING [COM]: aRC=NS_ERROR_FAILURE (0x80004005) aIID={16ced992-5fdc-4aba-aff5-6a39bbd7c38b} aComponent={HostWrap} aText={VirtualBox is not currently allowed to access USB devices.  You can change this by adding your user to the 'vboxusers' group.  Please see the user manual for a more detailed explanation}, preserve=true  aResultDetail=0
00:00:00.939830 nspr-3   WARNING [COM]: aRC=NS_ERROR_FAILURE (0x80004005) aIID={16ced992-5fdc-4aba-aff5-6a39bbd7c38b} aComponent={HostWrap} aText={VirtualBox is not currently allowed to access USB devices.  You can change this by adding your user to the 'vboxusers' group.  Please see the user manual for a more detailed explanation}, preserve=true  aResultDetail=0
00:00:04.860836 nspr-4   Launched VM: 2617255264 pid: 2940 (0xb7c) frontend: GUI/Qt name: protostar
00:00:04.910949 nspr-4   WARNING [COM]: aRC=NS_ERROR_FAILURE (0x80004005) aIID={16ced992-5fdc-4aba-aff5-6a39bbd7c38b} aComponent={HostWrap} aText={VirtualBox is not currently allowed to access USB devices.  You can change this by adding your user to the 'vboxusers' group.  Please see the user manual for a more detailed explanation}, preserve=true  aResultDetail=0
00:00:04.911580 nspr-4   WARNING [COM]: aRC=NS_ERROR_FAILURE (0x80004005) aIID={16ced992-5fdc-4aba-aff5-6a39bbd7c38b} aComponent={HostWrap} aText={VirtualBox is not currently allowed to access USB devices.  You can change this by adding your user to the 'vboxusers' group.  Please see the user manual for a more detailed explanation}, preserve=true  aResultDetail=0
00:00:05.131633 nspr-5   WARNING [COM]: aRC=NS_ERROR_FAILURE (0x80004005) aIID={16ced992-5fdc-4aba-aff5-6a39bbd7c38b} aComponent={HostWrap} aText={VirtualBox is not currently allowed to access USB devices.  You can change this by adding your user to the 'vboxusers' group.  Please see the user manual for a more detailed explanation}, preserve=true  aResultDetail=0
00:00:05.132372 nspr-5   WARNING [COM]: aRC=NS_ERROR_FAILURE (0x80004005) aIID={16ced992-5fdc-4aba-aff5-6a39bbd7c38b} aComponent={HostWrap} aText={VirtualBox is not currently allowed to access USB devices.  You can change this by adding your user to the 'vboxusers' group.  Please see the user manual for a more detailed explanation}, preserve=true  aResultDetail=0
00:00:05.600271 nspr-3   WARNING [COM]: aRC=NS_ERROR_FAILURE (0x80004005) aIID={16ced992-5fdc-4aba-aff5-6a39bbd7c38b} aComponent={HostWrap} aText={VirtualBox is not currently allowed to access USB devices.  You can change this by adding your user to the 'vboxusers' group.  Please see the user manual for a more detailed explanation}, preserve=true  aResultDetail=0
00:00:05.600946 nspr-2   WARNING [COM]: aRC=NS_ERROR_FAILURE (0x80004005) aIID={16ced992-5fdc-4aba-aff5-6a39bbd7c38b} aComponent={HostWrap} aText={VirtualBox is not currently allowed to access USB devices.  You can change this by adding your user to the 'vboxusers' group.  Please see the user manual for a more detailed explanation}, preserve=true  aResultDetail=0
00:00:05.601149 nspr-2   ERROR [COM]: aRC=VBOX_E_OBJECT_NOT_FOUND (0x80bb0001) aIID={70401eef-c8e9-466b-9660-45cb3e9979e4} aComponent={ExtPackManagerWrap} aText={No extension pack by the name 'Oracle VM VirtualBox Extension Pack' was found}, preserve=false aResultDetail=0
00:00:07.794681 nspr-5   ERROR [COM]: aRC=VBOX_E_IPRT_ERROR (0x80bb0005) aIID={85632c68-b5bb-4316-a900-5eb28d3413df} aComponent={SessionMachine} aText={Saved screenshot data is not available (VERR_NOT_SUPPORTED)}, preserve=false aResultDetail=-37
00:00:07.820281 nspr-5   NetIfAdpCtlOut: VBoxNetAdpCtl: Error while retrieving link speed for wlan0: VBoxNetAdpCtl: ioctl failed: Operation not supported
00:00:07.877985 nspr-7   WARNING [COM]: aRC=NS_ERROR_FAILURE (0x80004005) aIID={16ced992-5fdc-4aba-aff5-6a39bbd7c38b} aComponent={HostWrap} aText={VirtualBox is not currently allowed to access USB devices.  You can change this by adding your user to the 'vboxusers' group.  Please see the user manual for a more detailed explanation}, preserve=true  aResultDetail=0
00:00:07.887896 nspr-4   NetIfAdpCtlOut: VBoxNetAdpCtl: Error while retrieving link speed for wlan0: VBoxNetAdpCtl: ioctl failed: Operation not supported
00:00:07.903156 nspr-5   WARNING [COM]: aRC=NS_ERROR_FAILURE (0x80004005) aIID={16ced992-5fdc-4aba-aff5-6a39bbd7c38b} aComponent={HostWrap} aText={VirtualBox is not currently allowed to access USB devices.  You can change this by adding your user to the 'vboxusers' group.  Please see the user manual for a more detailed explanation}, preserve=true  aResultDetail=0
00:00:07.903965 nspr-7   WARNING [COM]: aRC=NS_ERROR_FAILURE (0x80004005) aIID={16ced992-5fdc-4aba-aff5-6a39bbd7c38b} aComponent={HostWrap} aText={VirtualBox is not currently allowed to access USB devices.  You can change this by adding your user to the 'vboxusers' group.  Please see the user manual for a more detailed explanation}, preserve=true  aResultDetail=0
00:00:08.611469 nspr-5   WARNING [COM]: aRC=NS_ERROR_FAILURE (0x80004005) aIID={16ced992-5fdc-4aba-aff5-6a39bbd7c38b} aComponent={HostWrap} aText={VirtualBox is not currently allowed to access USB devices.  You can change this by adding your user to the 'vboxusers' group.  Please see the user manual for a more detailed explanation}, preserve=true  aResultDetail=0
00:00:08.612433 nspr-2   WARNING [COM]: aRC=NS_ERROR_FAILURE (0x80004005) aIID={16ced992-5fdc-4aba-aff5-6a39bbd7c38b} aComponent={HostWrap} aText={VirtualBox is not currently allowed to access USB devices.  You can change this by adding your user to the 'vboxusers' group.  Please see the user manual for a more detailed explanation}, preserve=true  aResultDetail=0
02:15:36.322955 nspr-7   WARNING [COM]: aRC=NS_ERROR_FAILURE (0x80004005) aIID={16ced992-5fdc-4aba-aff5-6a39bbd7c38b} aComponent={HostWrap} aText={VirtualBox is not currently allowed to access USB devices.  You can change this by adding your user to the 'vboxusers' group.  Please see the user manual for a more detailed explanation}, preserve=true  aResultDetail=0
02:15:36.323787 nspr-2   WARNING [COM]: aRC=NS_ERROR_FAILURE (0x80004005) aIID={16ced992-5fdc-4aba-aff5-6a39bbd7c38b} aComponent={HostWrap} aText={VirtualBox is not currently allowed to access USB devices.  You can change this by adding your user to the 'vboxusers' group.  Please see the user manual for a more detailed explanation}, preserve=true  aResultDetail=0
02:15:37.638030 nspr-4   Saving settings file "/home/rithik/VirtualBox VMs/protostar/protostar.vbox" with version "1.16-linux"
02:15:37.658169 nspr-7   ERROR [COM]: aRC=VBOX_E_IPRT_ERROR (0x80bb0005) aIID={85632c68-b5bb-4316-a900-5eb28d3413df} aComponent={MachineWrap} aText={Saved screenshot thumbnail data is not available (VERR_NOT_SUPPORTED)}, preserve=false aResultDetail=-37
02:15:37.678742 SaveState Saving settings file "/home/rithik/VirtualBox VMs/protostar/protostar.vbox" with version "1.16-linux"
02:15:37.687823 nspr-2   Saving settings file "/home/rithik/VirtualBox VMs/protostar/protostar.vbox" with version "1.16-linux"
02:15:38.269579 nspr-5   WARNING [COM]: aRC=NS_ERROR_FAILURE (0x80004005) aIID={16ced992-5fdc-4aba-aff5-6a39bbd7c38b} aComponent={HostWrap} aText={VirtualBox is not currently allowed to access USB devices.  You can change this by adding your user to the 'vboxusers' group.  Please see the user manual for a more detailed explanation}, preserve=true  aResultDetail=0
02:15:38.270387 nspr-8   WARNING [COM]: aRC=NS_ERROR_FAILURE (0x80004005) aIID={16ced992-5fdc-4aba-aff5-6a39bbd7c38b} aComponent={HostWrap} aText={VirtualBox is not currently allowed to access USB devices.  You can change this by adding your user to the 'vboxusers' group.  Please see the user manual for a more detailed explanation}, preserve=true  aResultDetail=0
02:15:39.111245 nspr-3   Saving settings file "/home/rithik/.config/VirtualBox/VirtualBox.xml" with version "1.12-linux"
02:15:39.144644 nspr-6   Saving settings file "/home/rithik/.config/VirtualBox/VirtualBox.xml" with version "1.12-linux"
02:15:39.156644 nspr-8   Saving settings file "/home/rithik/.config/VirtualBox/VirtualBox.xml" with version "1.12-linux"
